Build started 10/17/2018 10:15:12 AM.
     1>Project "C:\Users\DUY\Documents\Visual Studio 2010\Projects\kkkkkkkkkkkkkk\b1_oop\b1_oop.vcxproj" on node 2 (build target(s)).
     1>InitializeBuildStatus:
         Creating "Debug\b1_oop.unsuccessfulbuild" because "AlwaysCreate" was specified.
       ClCompile:
         C:\Program Files (x86)\Microsoft Visual Studio 10.0\VC\bin\CL.exe /c /ZI /nologo /W3 /WX- /Od /Oy- /D _MBCS /Gm /EHsc /RTC1 /MDd /GS /fp:precise /Zc:wchar_t /Zc:forScope /Fo"Debug\\" /Fd"Debug\vc100.pdb" /Gd /TP /analyze- /errorReport:prompt NhanVien.cpp
         NhanVien.cpp
       Link:
         C:\Program Files (x86)\Microsoft Visual Studio 10.0\VC\bin\link.exe /ERRORREPORT:PROMPT /OUT:"C:\Users\DUY\Documents\Visual Studio 2010\Projects\kkkkkkkkkkkkkk\Debug\b1_oop.exe" /NOLOGO kernel32.lib user32.lib gdi32.lib winspool.lib comdlg32.lib advapi32.lib shell32.lib ole32.lib oleaut32.lib uuid.lib odbc32.lib odbccp32.lib /MANIFEST /ManifestFile:"Debug\b1_oop.exe.intermediate.manifest" /MANIFESTUAC:"level='asInvoker' uiAccess='false'" /DEBUG /PDB:"C:\Users\DUY\Documents\Visual Studio 2010\Projects\kkkkkkkkkkkkkk\Debug\b1_oop.pdb" /TLBID:1 /DYNAMICBASE /NXCOMPAT /IMPLIB:"C:\Users\DUY\Documents\Visual Studio 2010\Projects\kkkkkkkkkkkkkk\Debug\b1_oop.lib" /MACHINE:X86 Debug\Date.obj
         Debug\List.obj
         Debug\main.obj
         Debug\NhanVien.obj
         LINK : C:\Users\DUY\Documents\Visual Studio 2010\Projects\kkkkkkkkkkkkkk\Debug\b1_oop.exe not found or not built by the last incremental link; performing full link
         b1_oop.vcxproj -> C:\Users\DUY\Documents\Visual Studio 2010\Projects\kkkkkkkkkkkkkk\Debug\b1_oop.exe
       Manifest:
         C:\Program Files (x86)\Microsoft SDKs\Windows\v7.0A\bin\mt.exe /nologo /verbose /outputresource:"C:\Users\DUY\Documents\Visual Studio 2010\Projects\kkkkkkkkkkkkkk\Debug\b1_oop.exe;#1" /manifest Debug\b1_oop.exe.intermediate.manifest
       FinalizeBuildStatus:
         Deleting file "Debug\b1_oop.unsuccessfulbuild".
         Touching "Debug\b1_oop.lastbuildstate".
     1>Done Building Project "C:\Users\DUY\Documents\Visual Studio 2010\Projects\kkkkkkkkkkkkkk\b1_oop\b1_oop.vcxproj" (build target(s)).

Build succeeded.

Time Elapsed 00:00:00.64
